d:\projectslw\bookstoreapp\bookstoreapp\x64\debug\vc143.pdb
d:\projectslw\bookstoreapp\bookstoreapp\x64\debug\.netframework,version=v4.7.2.assemblyattributes.obj
d:\projectslw\bookstoreapp\bookstoreapp\x64\debug\receiptform.obj
d:\projectslw\bookstoreapp\bookstoreapp\x64\debug\receipt.obj
d:\projectslw\bookstoreapp\bookstoreapp\x64\debug\program.obj
d:\projectslw\bookstoreapp\bookstoreapp\x64\debug\mainform.obj
d:\projectslw\bookstoreapp\bookstoreapp\x64\debug\contactform.obj
d:\projectslw\bookstoreapp\bookstoreapp\x64\debug\contact.obj
d:\projectslw\bookstoreapp\bookstoreapp\x64\debug\cart.obj
d:\projectslw\bookstoreapp\bookstoreapp\x64\debug\book.obj
d:\projectslw\bookstoreapp\bookstoreapp\x64\debug\bookdetailsform.obj
d:\projectslw\bookstoreapp\x64\debug\bookstoreapp.exe
d:\projectslw\bookstoreapp\x64\debug\bookstoreapp.pdb
d:\projectslw\bookstoreapp\bookstoreapp\x64\debug\bookstoreapp.tlog\cl.command.1.tlog
d:\projectslw\bookstoreapp\bookstoreapp\x64\debug\bookstoreapp.tlog\cl.items.tlog
d:\projectslw\bookstoreapp\bookstoreapp\x64\debug\bookstoreapp.tlog\cl.read.1.tlog
d:\projectslw\bookstoreapp\bookstoreapp\x64\debug\bookstoreapp.tlog\cl.write.1.tlog
d:\projectslw\bookstoreapp\bookstoreapp\x64\debug\bookstoreapp.tlog\link.command.1.tlog
d:\projectslw\bookstoreapp\bookstoreapp\x64\debug\bookstoreapp.tlog\link.read.1.tlog
d:\projectslw\bookstoreapp\bookstoreapp\x64\debug\bookstoreapp.tlog\link.secondary.1.tlog
d:\projectslw\bookstoreapp\bookstoreapp\x64\debug\bookstoreapp.tlog\link.write.1.tlog
d:\projectslw\bookstoreapp\bookstoreapp\x64\debug\bookstoreapp.tlog\metagen.read.1.tlog
d:\projectslw\bookstoreapp\bookstoreapp\x64\debug\bookstoreapp.tlog\metagen.write.1.tlog
d:\projectslw\bookstoreapp\bookstoreapp\x64\debug\bookstoreapp.tlog\resgen.command.1.tlog
d:\projectslw\bookstoreapp\bookstoreapp\x64\debug\bookstoreapp.tlog\resgen.read.1.tlog
d:\projectslw\bookstoreapp\bookstoreapp\x64\debug\bookstoreapp.tlog\resgen.write.1.tlog
